<?xml version="1.0" encoding="UTF-8"?>
<!-- Generated by org.testng.reporters.JUnitReportReporter -->
<testsuite hostname="DESKTOP-FK7IELJ" failures="0" tests="1" name="com.harman.test.LoginUserInterfaceTest" time="10.489" errors="0" timestamp="2022-04-20T11:21:37 IST" skipped="0">
  <testcase classname="com.harman.test.LoginUserInterfaceTest" name="validateTitleTest" time="10.489"/>
  <system-out/>
</testsuite> <!-- com.harman.test.LoginUserInterfaceTest -->
